[0.991s] DEBUG:colcon:Command line arguments: ['/usr/bin/colcon', 'list', '-p', '--base-paths', '/home/kol/Documents/Gwen']
[0.992s] DEBUG:colcon:Parsed command line arguments: Namespace(log_base=None, log_level=None, verb_name='list', build_base='build', ignore_user_meta=False, metas=['./colcon.meta'], base_paths=['/home/kol/Documents/Gwen'], packages_ignore=None, packages_ignore_regex=None, paths=None, packages_up_to=None, packages_up_to_regex=None, packages_above=None, packages_above_and_dependencies=None, packages_above_depth=None, packages_select_by_dep=None, packages_skip_by_dep=None, packages_skip_up_to=None, packages_select_build_failed=False, packages_skip_build_finished=False, packages_select_test_failures=False, packages_skip_test_passed=False, packages_select=None, packages_skip=None, packages_select_regex=None, packages_skip_regex=None, packages_start=None, packages_end=None, allow_overriding=[], topological_order=False, names_only=False, paths_only=True, topological_graph=False, topological_graph_dot=False, topological_graph_density=False, topological_graph_legend=False, topological_graph_dot_cluster=False, topological_graph_dot_include_skipped=False, mixin_files=None, mixin=None, verb_parser=<colcon_mixin.mixin.mixin_argument.MixinArgumentDecorator object at 0x713d61137cd0>, verb_extension=<colcon_package_information.verb.list.ListVerb object at 0x713d612e8af0>, main=<bound method ListVerb.main of <colcon_package_information.verb.list.ListVerb object at 0x713d612e8af0>>, mixin_verb=('list',))
[2.608s] Level 1:colcon.colcon_core.package_discovery:discover_packages(colcon_meta) check parameters
[2.609s] Level 1:colcon.colcon_core.package_discovery:discover_packages(recursive) check parameters
[2.610s] Level 1:colcon.colcon_core.package_discovery:discover_packages(ignore) check parameters
[2.610s] Level 1:colcon.colcon_core.package_discovery:discover_packages(path) check parameters
[2.610s] Level 1:colcon.colcon_core.package_discovery:discover_packages(recursive) discover
[2.610s] INFO:colcon.colcon_core.package_discovery:Crawling recursively for packages in '/home/kol/Documents/Gwen'
[2.611s] Level 1:colcon.colcon_core.package_identification:_identify(/home/kol/Documents/Gwen) by extensions ['ignore', 'ignore_ament_install']
[2.611s] Level 1:colcon.colcon_core.package_identification:_identify(/home/kol/Documents/Gwen) by extension 'ignore'
[2.612s] Level 1:colcon.colcon_core.package_identification:_identify(/home/kol/Documents/Gwen) by extension 'ignore_ament_install'
[2.612s] Level 1:colcon.colcon_core.package_identification:_identify(/home/kol/Documents/Gwen) by extensions ['colcon_pkg']
[2.613s] Level 1:colcon.colcon_core.package_identification:_identify(/home/kol/Documents/Gwen) by extension 'colcon_pkg'
[2.613s] Level 1:colcon.colcon_core.package_identification:_identify(/home/kol/Documents/Gwen) by extensions ['colcon_meta']
[2.614s] Level 1:colcon.colcon_core.package_identification:_identify(/home/kol/Documents/Gwen) by extension 'colcon_meta'
[2.615s] Level 1:colcon.colcon_core.package_identification:_identify(/home/kol/Documents/Gwen) by extensions ['ros']
[2.616s] Level 1:colcon.colcon_core.package_identification:_identify(/home/kol/Documents/Gwen) by extension 'ros'
[2.778s] Level 1:colcon.colcon_core.package_identification:_identify(/home/kol/Documents/Gwen) by extensions ['cmake', 'python']
[2.779s] Level 1:colcon.colcon_core.package_identification:_identify(/home/kol/Documents/Gwen) by extension 'cmake'
[2.779s] Level 1:colcon.colcon_core.package_identification:_identify(/home/kol/Documents/Gwen) by extension 'python'
[2.779s] Level 1:colcon.colcon_core.package_identification:_identify(/home/kol/Documents/Gwen) by extensions ['python_setup_py']
[2.780s] Level 1:colcon.colcon_core.package_identification:_identify(/home/kol/Documents/Gwen) by extension 'python_setup_py'
[2.780s] Level 1:colcon.colcon_core.package_identification:_identify(/home/kol/Documents/Gwen/Gwen) by extensions ['ignore', 'ignore_ament_install']
[2.781s] Level 1:colcon.colcon_core.package_identification:_identify(/home/kol/Documents/Gwen/Gwen) by extension 'ignore'
[2.794s] Level 1:colcon.colcon_core.package_identification:_identify(/home/kol/Documents/Gwen/Gwen) by extension 'ignore_ament_install'
[2.794s] Level 1:colcon.colcon_core.package_identification:_identify(/home/kol/Documents/Gwen/Gwen) by extensions ['colcon_pkg']
[2.794s] Level 1:colcon.colcon_core.package_identification:_identify(/home/kol/Documents/Gwen/Gwen) by extension 'colcon_pkg'
[2.795s] Level 1:colcon.colcon_core.package_identification:_identify(/home/kol/Documents/Gwen/Gwen) by extensions ['colcon_meta']
[2.795s] Level 1:colcon.colcon_core.package_identification:_identify(/home/kol/Documents/Gwen/Gwen) by extension 'colcon_meta'
[2.795s] Level 1:colcon.colcon_core.package_identification:_identify(/home/kol/Documents/Gwen/Gwen) by extensions ['ros']
[2.795s] Level 1:colcon.colcon_core.package_identification:_identify(/home/kol/Documents/Gwen/Gwen) by extension 'ros'
[2.796s] Level 1:colcon.colcon_core.package_identification:_identify(/home/kol/Documents/Gwen/Gwen) by extensions ['cmake', 'python']
[2.796s] Level 1:colcon.colcon_core.package_identification:_identify(/home/kol/Documents/Gwen/Gwen) by extension 'cmake'
[2.796s] Level 1:colcon.colcon_core.package_identification:_identify(/home/kol/Documents/Gwen/Gwen) by extension 'python'
[2.797s] Level 1:colcon.colcon_core.package_identification:_identify(/home/kol/Documents/Gwen/Gwen) by extensions ['python_setup_py']
[2.797s] Level 1:colcon.colcon_core.package_identification:_identify(/home/kol/Documents/Gwen/Gwen) by extension 'python_setup_py'
[2.798s] Level 1:colcon.colcon_core.package_identification:_identify(/home/kol/Documents/Gwen/log) by extensions ['ignore', 'ignore_ament_install']
[2.798s] Level 1:colcon.colcon_core.package_identification:_identify(/home/kol/Documents/Gwen/log) by extension 'ignore'
[2.798s] Level 1:colcon.colcon_core.package_identification:_identify(/home/kol/Documents/Gwen/log) ignored
[2.799s] Level 1:colcon.colcon_core.package_identification:_identify(/home/kol/Documents/Gwen/src) by extensions ['ignore', 'ignore_ament_install']
[2.800s] Level 1:colcon.colcon_core.package_identification:_identify(/home/kol/Documents/Gwen/src) by extension 'ignore'
[2.800s] Level 1:colcon.colcon_core.package_identification:_identify(/home/kol/Documents/Gwen/src) by extension 'ignore_ament_install'
[2.800s] Level 1:colcon.colcon_core.package_identification:_identify(/home/kol/Documents/Gwen/src) by extensions ['colcon_pkg']
[2.800s] Level 1:colcon.colcon_core.package_identification:_identify(/home/kol/Documents/Gwen/src) by extension 'colcon_pkg'
[2.801s] Level 1:colcon.colcon_core.package_identification:_identify(/home/kol/Documents/Gwen/src) by extensions ['colcon_meta']
[2.801s] Level 1:colcon.colcon_core.package_identification:_identify(/home/kol/Documents/Gwen/src) by extension 'colcon_meta'
[2.821s] Level 1:colcon.colcon_core.package_identification:_identify(/home/kol/Documents/Gwen/src) by extensions ['ros']
[2.821s] Level 1:colcon.colcon_core.package_identification:_identify(/home/kol/Documents/Gwen/src) by extension 'ros'
[2.822s] Level 1:colcon.colcon_core.package_identification:_identify(/home/kol/Documents/Gwen/src) by extensions ['cmake', 'python']
[2.822s] Level 1:colcon.colcon_core.package_identification:_identify(/home/kol/Documents/Gwen/src) by extension 'cmake'
[2.822s] Level 1:colcon.colcon_core.package_identification:_identify(/home/kol/Documents/Gwen/src) by extension 'python'
[2.822s] Level 1:colcon.colcon_core.package_identification:_identify(/home/kol/Documents/Gwen/src) by extensions ['python_setup_py']
[2.822s] Level 1:colcon.colcon_core.package_identification:_identify(/home/kol/Documents/Gwen/src) by extension 'python_setup_py'
[2.823s] Level 1:colcon.colcon_core.package_identification:_identify(/home/kol/Documents/Gwen/src/GwenContPy) by extensions ['ignore', 'ignore_ament_install']
[2.824s] Level 1:colcon.colcon_core.package_identification:_identify(/home/kol/Documents/Gwen/src/GwenContPy) by extension 'ignore'
[2.824s] Level 1:colcon.colcon_core.package_identification:_identify(/home/kol/Documents/Gwen/src/GwenContPy) by extension 'ignore_ament_install'
[2.824s] Level 1:colcon.colcon_core.package_identification:_identify(/home/kol/Documents/Gwen/src/GwenContPy) by extensions ['colcon_pkg']
[2.824s] Level 1:colcon.colcon_core.package_identification:_identify(/home/kol/Documents/Gwen/src/GwenContPy) by extension 'colcon_pkg'
[2.825s] Level 1:colcon.colcon_core.package_identification:_identify(/home/kol/Documents/Gwen/src/GwenContPy) by extensions ['colcon_meta']
[2.825s] Level 1:colcon.colcon_core.package_identification:_identify(/home/kol/Documents/Gwen/src/GwenContPy) by extension 'colcon_meta'
[2.825s] Level 1:colcon.colcon_core.package_identification:_identify(/home/kol/Documents/Gwen/src/GwenContPy) by extensions ['ros']
[2.825s] Level 1:colcon.colcon_core.package_identification:_identify(/home/kol/Documents/Gwen/src/GwenContPy) by extension 'ros'
[2.840s] DEBUG:colcon.colcon_core.package_identification:Package '/home/kol/Documents/Gwen/src/GwenContPy' with type 'ros.ament_python' and name 'GwenContPy'
[2.841s] Level 1:colcon.colcon_core.package_identification:_identify(/home/kol/Documents/Gwen/src/Gwenbot_description) by extensions ['ignore', 'ignore_ament_install']
[2.856s] Level 1:colcon.colcon_core.package_identification:_identify(/home/kol/Documents/Gwen/src/Gwenbot_description) by extension 'ignore'
[2.857s] Level 1:colcon.colcon_core.package_identification:_identify(/home/kol/Documents/Gwen/src/Gwenbot_description) by extension 'ignore_ament_install'
[2.859s] Level 1:colcon.colcon_core.package_identification:_identify(/home/kol/Documents/Gwen/src/Gwenbot_description) by extensions ['colcon_pkg']
[2.859s] Level 1:colcon.colcon_core.package_identification:_identify(/home/kol/Documents/Gwen/src/Gwenbot_description) by extension 'colcon_pkg'
[2.859s] Level 1:colcon.colcon_core.package_identification:_identify(/home/kol/Documents/Gwen/src/Gwenbot_description) by extensions ['colcon_meta']
[2.859s] Level 1:colcon.colcon_core.package_identification:_identify(/home/kol/Documents/Gwen/src/Gwenbot_description) by extension 'colcon_meta'
[2.860s] Level 1:colcon.colcon_core.package_identification:_identify(/home/kol/Documents/Gwen/src/Gwenbot_description) by extensions ['ros']
[2.860s] Level 1:colcon.colcon_core.package_identification:_identify(/home/kol/Documents/Gwen/src/Gwenbot_description) by extension 'ros'
[2.876s] DEBUG:colcon.colcon_core.package_identification:Package '/home/kol/Documents/Gwen/src/Gwenbot_description' with type 'ros.ament_python' and name 'Gwenbot_description'
[2.876s] Level 1:colcon.colcon_core.package_discovery:discover_packages(recursive) using defaults
